time="2024-12-09T16:42:36+08:00" level=error msg="unknown command \"dev\" for \"engin\""
time="2025-01-10T11:59:02+08:00" level=error msg="unknown command \"dev\" for \"engin\""
time="2025-01-10T14:15:40+08:00" level=error msg="html/template: pattern matches no files: `C:\\Users\\Administrator\\AppData\\Roaming/.codectl/tpldir/ipa-tpl/*.html`"
time="2025-05-29T09:05:58+08:00" level=error msg="listen tcp :8087: bind: Only one usage of each socket address (protocol/network address/port) is normally permitted."
time="2025-05-31T08:15:56+08:00" level=info msg="run ..\\sql\\ecls\\lesson.sql, success √"
time="2025-05-31T08:15:57+08:00" level=info msg="run ..\\sql\\ecls\\record.sql, success √"
time="2025-05-31T08:16:09+08:00" level=info msg="run ..\\sql\\ecls\\lesson.sql, success √"
time="2025-05-31T08:16:09+08:00" level=info msg="run ..\\sql\\ecls\\record.sql, success √"
time="2025-05-31T08:18:07+08:00" level=info msg="run ..\\sql\\ecls\\lesson.sql, success √"
time="2025-05-31T08:18:07+08:00" level=info msg="run ..\\sql\\ecls\\record.sql, success √"
time="2025-06-01T09:03:20+08:00" level=error msg="unknown command \"rever\" for \"codectl\"\n\nDid you mean this?\n\treverse\n"
time="2025-06-01T09:04:00+08:00" level=info msg="run ..\\sql\\ecls\\lesson.sql, success ✅"
time="2025-06-01T09:04:00+08:00" level=info msg="run ..\\sql\\ecls\\record.sql, success ✅"
time="2025-06-01T09:08:33+08:00" level=info msg="run ..\\sql\\ecls\\lesson.sql, success ✅"
time="2025-06-01T09:08:33+08:00" level=info msg="run ..\\sql\\ecls\\record.sql, success ✅"
time="2025-06-01T09:09:22+08:00" level=info msg="run ..\\sql\\ecls\\lesson.sql, success ✅"
time="2025-06-01T09:09:23+08:00" level=info msg="run ..\\sql\\ecls\\record.sql, success ✅"
time="2025-06-01T09:29:22+08:00" level=info msg="run ..\\sql\\ecls\\lesson.sql, success ✅"
time="2025-06-01T09:29:23+08:00" level=info msg="run ..\\sql\\ecls\\record.sql, success ✅"
time="2025-06-14T08:47:48+08:00" level=error msg="unknown command \"dev\" for \"engin\""
time="2025-09-17T09:42:18+08:00" level=error msg="listen tcp :8087: bind: Only one usage of each socket address (protocol/network address/port) is normally permitted."
time="2025-10-28T15:06:50+08:00" level=error msg="listen tcp :8087: bind: Only one usage of each socket address (protocol/network address/port) is normally permitted."
